========================================
Inicio: 13/11/2025  9:42:10,09 
Processo: Dtc_Atualizador_Server.exe 
Caminho: C:\Program Files\Datacom\DtcSync\Dtc_Atualizador_Server.exe 
========================================
[13/11/2025  9:42:10,12] Monitoramento iniciado 
[ 9:42:30,24] Processo nao encontrado. Iniciando... 
[ 9:42:30,24] Processo iniciado 
[ 9:42:43,31] Processo nao encontrado. Iniciando... 
[ 9:42:43,31] Processo iniciado 
[ 9:50:46,37] Processo nao encontrado. Iniciando... 
[ 9:50:46,37] Processo iniciado 
[14:56:14,34] Processo nao encontrado. Iniciando... 
[14:56:14,34] Processo iniciado 
[15:14:56,55] Processo nao encontrado. Iniciando... 
[15:14:56,55] Processo iniciado 
[15:14:56,80] Processo nao encontrado. Iniciando... 
[15:14:56,80] Processo iniciado 
[15:14:56,93] Processo nao encontrado. Iniciando... 
[15:14:56,93] Processo iniciado 
[15:14:57,01] Processo nao encontrado. Iniciando... 
[15:14:57,01] Processo iniciado 
[15:14:57,09] Processo nao encontrado. Iniciando... 
[15:14:57,09] Processo iniciado 
[15:14:57,17] Processo nao encontrado. Iniciando... 
[15:14:57,17] Processo iniciado 
[15:14:57,24] Processo nao encontrado. Iniciando... 
[15:14:57,24] Processo iniciado 
[15:14:57,32] Processo nao encontrado. Iniciando... 
[15:14:57,32] Processo iniciado 
[15:14:57,39] Processo nao encontrado. Iniciando... 
[15:14:57,39] Processo iniciado 
[15:14:57,47] Processo nao encontrado. Iniciando... 
[15:14:57,47] Processo iniciado 
[15:14:57,57] Processo nao encontrado. Iniciando... 
[15:14:57,57] Processo iniciado 
[15:14:57,65] Processo nao encontrado. Iniciando... 
[15:14:57,65] Processo iniciado 
[15:14:57,73] Processo nao encontrado. Iniciando... 
[15:14:57,73] Processo iniciado 
[15:14:57,80] Processo nao encontrado. Iniciando... 
[15:14:57,80] Processo iniciado 
[15:14:57,90] Processo nao encontrado. Iniciando... 
[15:14:57,90] Processo iniciado 
[15:14:57,97] Processo nao encontrado. Iniciando... 
[15:14:57,97] Processo iniciado 
[15:14:58,05] Processo nao encontrado. Iniciando... 
[15:14:58,05] Processo iniciado 
[15:14:58,15] Processo nao encontrado. Iniciando... 
[15:14:58,15] Processo iniciado 
[15:14:58,23] Processo nao encontrado. Iniciando... 
[15:14:58,23] Processo iniciado 
[15:14:58,30] Processo nao encontrado. Iniciando... 
[15:14:58,30] Processo iniciado 
[15:14:58,37] Processo nao encontrado. Iniciando... 
[15:14:58,37] Processo iniciado 
[15:14:58,43] Processo nao encontrado. Iniciando... 
[15:14:58,43] Processo iniciado 
[15:14:58,50] Processo nao encontrado. Iniciando... 
[15:14:58,50] Processo iniciado 
[15:14:58,57] Processo nao encontrado. Iniciando... 
[15:14:58,57] Processo iniciado 
[15:14:58,63] Processo nao encontrado. Iniciando... 
[15:14:58,63] Processo iniciado 
[15:14:58,70] Processo nao encontrado. Iniciando... 
[15:14:58,70] Processo iniciado 
[15:14:58,76] Processo nao encontrado. Iniciando... 
[15:14:58,76] Processo iniciado 
[15:14:58,82] Processo nao encontrado. Iniciando... 
[15:14:58,82] Processo iniciado 
[15:14:58,88] Processo nao encontrado. Iniciando... 
[15:14:58,88] Processo iniciado 
[15:14:58,95] Processo nao encontrado. Iniciando... 
[15:14:58,95] Processo iniciado 
[15:14:59,02] Processo nao encontrado. Iniciando... 
[15:14:59,02] Processo iniciado 
[15:14:59,08] Processo nao encontrado. Iniciando... 
[15:14:59,08] Processo iniciado 
[15:14:59,14] Processo nao encontrado. Iniciando... 
[15:14:59,14] Processo iniciado 
[15:14:59,21] Processo nao encontrado. Iniciando... 
[15:14:59,21] Processo iniciado 
[15:14:59,28] Processo nao encontrado. Iniciando... 
[15:14:59,28] Processo iniciado 
[15:14:59,34] Processo nao encontrado. Iniciando... 
[15:14:59,34] Processo iniciado 
[15:14:59,42] Processo nao encontrado. Iniciando... 
[15:14:59,42] Processo iniciado 
[15:14:59,49] Processo nao encontrado. Iniciando... 
[15:14:59,49] Processo iniciado 
[15:14:59,56] Processo nao encontrado. Iniciando... 
[15:14:59,56] Processo iniciado 
[15:14:59,62] Processo nao encontrado. Iniciando... 
[15:14:59,62] Processo iniciado 
[15:14:59,69] Processo nao encontrado. Iniciando... 
[15:14:59,69] Processo iniciado 
[15:14:59,75] Processo nao encontrado. Iniciando... 
[15:14:59,75] Processo iniciado 
[15:14:59,81] Processo nao encontrado. Iniciando... 
[15:14:59,81] Processo iniciado 
[15:14:59,87] Processo nao encontrado. Iniciando... 
[15:14:59,87] Processo iniciado 
[15:14:59,93] Processo nao encontrado. Iniciando... 
[15:14:59,93] Processo iniciado 
[15:15:00,00] Processo nao encontrado. Iniciando... 
[15:15:00,00] Processo iniciado 
[15:15:00,06] Processo nao encontrado. Iniciando... 
[15:15:00,06] Processo iniciado 
[15:15:00,12] Processo nao encontrado. Iniciando... 
[15:15:00,12] Processo iniciado 
[15:15:00,18] Processo nao encontrado. Iniciando... 
[15:15:00,18] Processo iniciado 
[15:15:00,23] Processo nao encontrado. Iniciando... 
[15:15:00,23] Processo iniciado 
[15:15:00,30] Processo nao encontrado. Iniciando... 
[15:15:00,30] Processo iniciado 
[15:15:00,36] Processo nao encontrado. Iniciando... 
[15:15:00,36] Processo iniciado 
[15:15:00,42] Processo nao encontrado. Iniciando... 
[15:15:00,42] Processo iniciado 
[15:15:00,49] Processo nao encontrado. Iniciando... 
[15:15:00,49] Processo iniciado 
[15:15:00,55] Processo nao encontrado. Iniciando... 
[15:15:00,55] Processo iniciado 
[15:15:00,61] Processo nao encontrado. Iniciando... 
[15:15:00,61] Processo iniciado 
[15:15:00,67] Processo nao encontrado. Iniciando... 
[15:15:00,67] Processo iniciado 
[15:15:00,73] Processo nao encontrado. Iniciando... 
[15:15:00,73] Processo iniciado 
[15:15:00,79] Processo nao encontrado. Iniciando... 
[15:15:00,79] Processo iniciado 
[15:15:00,85] Processo nao encontrado. Iniciando... 
[15:15:00,85] Processo iniciado 
[15:15:00,91] Processo nao encontrado. Iniciando... 
[15:15:00,91] Processo iniciado 
[15:15:00,97] Processo nao encontrado. Iniciando... 
[15:15:00,97] Processo iniciado 
[15:15:01,03] Processo nao encontrado. Iniciando... 
[15:15:01,03] Processo iniciado 
[15:15:01,09] Processo nao encontrado. Iniciando... 
[15:15:01,09] Processo iniciado 
[15:15:01,16] Processo nao encontrado. Iniciando... 
[15:15:01,16] Processo iniciado 
[15:15:01,22] Processo nao encontrado. Iniciando... 
[15:15:01,22] Processo iniciado 
[15:15:01,27] Processo nao encontrado. Iniciando... 
[15:15:01,27] Processo iniciado 
[15:15:01,33] Processo nao encontrado. Iniciando... 
[15:15:01,33] Processo iniciado 
[15:15:01,41] Processo nao encontrado. Iniciando... 
[15:15:01,41] Processo iniciado 
[15:15:01,49] Processo nao encontrado. Iniciando... 
[15:15:01,49] Processo iniciado 
[15:15:01,56] Processo nao encontrado. Iniciando... 
[15:15:01,56] Processo iniciado 
[15:15:01,63] Processo nao encontrado. Iniciando... 
[15:15:01,63] Processo iniciado 
[15:15:01,69] Processo nao encontrado. Iniciando... 
[15:15:01,69] Processo iniciado 
[15:15:01,76] Processo nao encontrado. Iniciando... 
[15:15:01,76] Processo iniciado 
[15:15:01,83] Processo nao encontrado. Iniciando... 
[15:15:01,83] Processo iniciado 
[15:15:01,89] Processo nao encontrado. Iniciando... 
[15:15:01,89] Processo iniciado 
[15:15:01,96] Processo nao encontrado. Iniciando... 
[15:15:01,96] Processo iniciado 
[15:15:02,02] Processo nao encontrado. Iniciando... 
[15:15:02,02] Processo iniciado 
[15:15:02,09] Processo nao encontrado. Iniciando... 
[15:15:02,09] Processo iniciado 
[15:15:02,16] Processo nao encontrado. Iniciando... 
[15:15:02,16] Processo iniciado 
[15:15:02,22] Processo nao encontrado. Iniciando... 
[15:15:02,22] Processo iniciado 
[15:15:02,29] Processo nao encontrado. Iniciando... 
[15:15:02,29] Processo iniciado 
[15:15:02,35] Processo nao encontrado. Iniciando... 
[15:15:02,35] Processo iniciado 
[15:15:02,42] Processo nao encontrado. Iniciando... 
[15:15:02,42] Processo iniciado 
[15:15:02,49] Processo nao encontrado. Iniciando... 
[15:15:02,49] Processo iniciado 
[15:15:02,55] Processo nao encontrado. Iniciando... 
[15:15:02,55] Processo iniciado 
[15:15:02,61] Processo nao encontrado. Iniciando... 
[15:15:02,61] Processo iniciado 
[15:15:02,66] Processo nao encontrado. Iniciando... 
[15:15:02,66] Processo iniciado 
[15:15:02,72] Processo nao encontrado. Iniciando... 
[15:15:02,72] Processo iniciado 
[15:15:02,79] Processo nao encontrado. Iniciando... 
[15:15:02,79] Processo iniciado 
[15:15:02,85] Processo nao encontrado. Iniciando... 
[15:15:02,85] Processo iniciado 
[15:15:02,89] Processo nao encontrado. Iniciando... 
[15:15:02,89] Processo iniciado 
[15:15:02,96] Processo nao encontrado. Iniciando... 
[15:15:02,96] Processo iniciado 
[15:15:03,02] Processo nao encontrado. Iniciando... 
[15:15:03,02] Processo iniciado 
[15:15:03,09] Processo nao encontrado. Iniciando... 
[15:15:03,09] Processo iniciado 
[15:15:03,14] Processo nao encontrado. Iniciando... 
[15:15:03,14] Processo iniciado 
[15:15:03,20] Processo nao encontrado. Iniciando... 
[15:15:03,20] Processo iniciado 
[15:15:03,26] Processo nao encontrado. Iniciando... 
[15:15:03,26] Processo iniciado 
[15:15:03,32] Processo nao encontrado. Iniciando... 
[15:15:03,32] Processo iniciado 
[15:15:03,38] Processo nao encontrado. Iniciando... 
[15:15:03,38] Processo iniciado 
[15:15:03,44] Processo nao encontrado. Iniciando... 
[15:15:03,44] Processo iniciado 
[15:15:03,51] Processo nao encontrado. Iniciando... 
[15:15:03,51] Processo iniciado 
[15:15:03,56] Processo nao encontrado. Iniciando... 
[15:15:03,56] Processo iniciado 
[15:15:03,63] Processo nao encontrado. Iniciando... 
[15:15:03,63] Processo iniciado 
[15:15:03,68] Processo nao encontrado. Iniciando... 
[15:15:03,69] Processo iniciado 
[15:15:03,75] Processo nao encontrado. Iniciando... 
[15:15:03,75] Processo iniciado 
[15:15:03,81] Processo nao encontrado. Iniciando... 
[15:15:03,81] Processo iniciado 
[15:15:03,87] Processo nao encontrado. Iniciando... 
[15:15:03,87] Processo iniciado 
[15:15:03,92] Processo nao encontrado. Iniciando... 
[15:15:03,92] Processo iniciado 
[15:15:03,99] Processo nao encontrado. Iniciando... 
[15:15:03,99] Processo iniciado 
[15:15:04,05] Processo nao encontrado. Iniciando... 
[15:15:04,05] Processo iniciado 
[15:15:04,11] Processo nao encontrado. Iniciando... 
[15:15:04,11] Processo iniciado 
[15:15:04,17] Processo nao encontrado. Iniciando... 
[15:15:04,17] Processo iniciado 
[15:15:04,23] Processo nao encontrado. Iniciando... 
[15:15:04,23] Processo iniciado 
[15:15:04,30] Processo nao encontrado. Iniciando... 
[15:15:04,30] Processo iniciado 
[15:15:04,36] Processo nao encontrado. Iniciando... 
[15:15:04,36] Processo iniciado 
[15:15:04,42] Processo nao encontrado. Iniciando... 
[15:15:04,42] Processo iniciado 
[15:15:04,48] Processo nao encontrado. Iniciando... 
[15:15:04,48] Processo iniciado 
[15:15:04,54] Processo nao encontrado. Iniciando... 
[15:15:04,54] Processo iniciado 
[15:15:04,60] Processo nao encontrado. Iniciando... 
[15:15:04,60] Processo iniciado 
[15:15:04,66] Processo nao encontrado. Iniciando... 
[15:15:04,66] Processo iniciado 
[15:15:04,72] Processo nao encontrado. Iniciando... 
[15:15:04,72] Processo iniciado 
[15:15:04,78] Processo nao encontrado. Iniciando... 
[15:15:04,78] Processo iniciado 
[15:15:04,84] Processo nao encontrado. Iniciando... 
[15:15:04,84] Processo iniciado 
[15:15:04,90] Processo nao encontrado. Iniciando... 
[15:15:04,90] Processo iniciado 
[15:15:04,95] Processo nao encontrado. Iniciando... 
[15:15:04,95] Processo iniciado 
[15:15:05,02] Processo nao encontrado. Iniciando... 
[15:15:05,02] Processo iniciado 
[15:15:05,08] Processo nao encontrado. Iniciando... 
[15:15:05,08] Processo iniciado 
[15:15:05,14] Processo nao encontrado. Iniciando... 
[15:15:05,14] Processo iniciado 
[15:15:05,19] Processo nao encontrado. Iniciando... 
[15:15:05,19] Processo iniciado 
[15:15:05,25] Processo nao encontrado. Iniciando... 
[15:15:05,25] Processo iniciado 
[15:15:05,32] Processo nao encontrado. Iniciando... 
[15:15:05,32] Processo iniciado 
[15:15:05,38] Processo nao encontrado. Iniciando... 
[15:15:05,38] Processo iniciado 
[15:15:05,44] Processo nao encontrado. Iniciando... 
[15:15:05,44] Processo iniciado 
[15:15:05,51] Processo nao encontrado. Iniciando... 
[15:15:05,51] Processo iniciado 
[15:15:05,55] Processo nao encontrado. Iniciando... 
[15:15:05,55] Processo iniciado 
[15:15:05,62] Processo nao encontrado. Iniciando... 
[15:15:05,62] Processo iniciado 
[15:15:05,69] Processo nao encontrado. Iniciando... 
[15:15:05,69] Processo iniciado 
[15:15:05,75] Processo nao encontrado. Iniciando... 
[15:15:05,75] Processo iniciado 
[15:15:05,81] Processo nao encontrado. Iniciando... 
[15:15:05,81] Processo iniciado 
[15:15:05,87] Processo nao encontrado. Iniciando... 
[15:15:05,87] Processo iniciado 
[15:15:05,92] Processo nao encontrado. Iniciando... 
[15:15:05,92] Processo iniciado 
[15:15:05,98] Processo nao encontrado. Iniciando... 
[15:15:05,98] Processo iniciado 
[15:15:06,05] Processo nao encontrado. Iniciando... 
[15:15:06,05] Processo iniciado 
[15:15:06,10] Processo nao encontrado. Iniciando... 
[15:15:06,10] Processo iniciado 
[15:15:06,17] Processo nao encontrado. Iniciando... 
[15:15:06,17] Processo iniciado 
[15:15:06,23] Processo nao encontrado. Iniciando... 
[15:15:06,23] Processo iniciado 
[15:15:06,28] Processo nao encontrado. Iniciando... 
[15:15:06,28] Processo iniciado 
[15:15:06,34] Processo nao encontrado. Iniciando... 
[15:15:06,34] Processo iniciado 
[15:15:06,40] Processo nao encontrado. Iniciando... 
[15:15:06,40] Processo iniciado 
[15:15:06,47] Processo nao encontrado. Iniciando... 
[15:15:06,47] Processo iniciado 
[15:15:06,53] Processo nao encontrado. Iniciando... 
[15:15:06,53] Processo iniciado 
[15:15:06,59] Processo nao encontrado. Iniciando... 
[15:15:06,59] Processo iniciado 
[15:15:06,65] Processo nao encontrado. Iniciando... 
[15:15:06,65] Processo iniciado 
[15:15:06,71] Processo nao encontrado. Iniciando... 
[15:15:06,71] Processo iniciado 
[15:15:06,77] Processo nao encontrado. Iniciando... 
[15:15:06,77] Processo iniciado 
[15:15:06,83] Processo nao encontrado. Iniciando... 
[15:15:06,83] Processo iniciado 
[15:15:06,89] Processo nao encontrado. Iniciando... 
[15:15:06,89] Processo iniciado 
[15:15:06,95] Processo nao encontrado. Iniciando... 
[15:15:06,95] Processo iniciado 
[15:15:07,01] Processo nao encontrado. Iniciando... 
[15:15:07,01] Processo iniciado 
[15:15:07,07] Processo nao encontrado. Iniciando... 
[15:15:07,08] Processo iniciado 
[15:15:07,13] Processo nao encontrado. Iniciando... 
[15:15:07,14] Processo iniciado 
[15:15:07,20] Processo nao encontrado. Iniciando... 
[15:15:07,20] Processo iniciado 
[15:15:07,25] Processo nao encontrado. Iniciando... 
[15:15:07,25] Processo iniciado 
[15:15:07,31] Processo nao encontrado. Iniciando... 
[15:15:07,31] Processo iniciado 
[15:15:07,38] Processo nao encontrado. Iniciando... 
[15:15:07,38] Processo iniciado 
[15:15:07,44] Processo nao encontrado. Iniciando... 
[15:15:07,44] Processo iniciado 
[15:15:07,50] Processo nao encontrado. Iniciando... 
[15:15:07,50] Processo iniciado 
[15:15:07,56] Processo nao encontrado. Iniciando... 
[15:15:07,56] Processo iniciado 
[15:15:07,62] Processo nao encontrado. Iniciando... 
[15:15:07,62] Processo iniciado 
[15:15:07,68] Processo nao encontrado. Iniciando... 
[15:15:07,68] Processo iniciado 
[15:15:07,74] Processo nao encontrado. Iniciando... 
[15:15:07,74] Processo iniciado 
[15:15:07,79] Processo nao encontrado. Iniciando... 
[15:15:07,79] Processo iniciado 
[15:15:07,86] Processo nao encontrado. Iniciando... 
[15:15:07,86] Processo iniciado 
[15:15:07,92] Processo nao encontrado. Iniciando... 
[15:15:07,92] Processo iniciado 
[15:15:07,97] Processo nao encontrado. Iniciando... 
[15:15:07,97] Processo iniciado 
[15:15:08,04] Processo nao encontrado. Iniciando... 
[15:15:08,04] Processo iniciado 
[15:15:08,10] Processo nao encontrado. Iniciando... 
[15:15:08,10] Processo iniciado 
[15:15:08,16] Processo nao encontrado. Iniciando... 
[15:15:08,16] Processo iniciado 
[15:15:08,21] Processo nao encontrado. Iniciando... 
[15:15:08,22] Processo iniciado 
[15:15:08,27] Processo nao encontrado. Iniciando... 
[15:15:08,27] Processo iniciado 
[15:15:08,34] Processo nao encontrado. Iniciando... 
[15:15:08,34] Processo iniciado 
[15:15:08,40] Processo nao encontrado. Iniciando... 
[15:15:08,40] Processo iniciado 
[15:15:08,46] Processo nao encontrado. Iniciando... 
[15:15:08,46] Processo iniciado 
[15:15:08,52] Processo nao encontrado. Iniciando... 
[15:15:08,52] Processo iniciado 
[15:15:08,57] Processo nao encontrado. Iniciando... 
[15:15:08,57] Processo iniciado 
[15:15:08,64] Processo nao encontrado. Iniciando... 
[15:15:08,64] Processo iniciado 
[15:15:08,70] Processo nao encontrado. Iniciando... 
[15:15:08,70] Processo iniciado 
[15:15:08,76] Processo nao encontrado. Iniciando... 
[15:15:08,76] Processo iniciado 
[15:15:08,82] Processo nao encontrado. Iniciando... 
[15:15:08,82] Processo iniciado 
[15:15:08,88] Processo nao encontrado. Iniciando... 
[15:15:08,88] Processo iniciado 
[15:15:08,94] Processo nao encontrado. Iniciando... 
[15:15:08,94] Processo iniciado 
[15:15:09,00] Processo nao encontrado. Iniciando... 
[15:15:09,00] Processo iniciado 
[15:15:09,06] Processo nao encontrado. Iniciando... 
[15:15:09,06] Processo iniciado 
[15:15:09,12] Processo nao encontrado. Iniciando... 
[15:15:09,12] Processo iniciado 
[15:15:09,18] Processo nao encontrado. Iniciando... 
[15:15:09,18] Processo iniciado 
[15:15:09,24] Processo nao encontrado. Iniciando... 
[15:15:09,24] Processo iniciado 
[15:15:09,30] Processo nao encontrado. Iniciando... 
[15:15:09,30] Processo iniciado 
[15:15:09,36] Processo nao encontrado. Iniciando... 
[15:15:09,36] Processo iniciado 
[15:15:09,42] Processo nao encontrado. Iniciando... 
[15:15:09,42] Processo iniciado 
[15:15:09,49] Processo nao encontrado. Iniciando... 
[15:15:09,49] Processo iniciado 
[15:15:09,55] Processo nao encontrado. Iniciando... 
[15:15:09,55] Processo iniciado 
[15:15:09,61] Processo nao encontrado. Iniciando... 
[15:15:09,61] Processo iniciado 
[15:15:09,67] Processo nao encontrado. Iniciando... 
[15:15:09,67] Processo iniciado 
[15:15:09,73] Processo nao encontrado. Iniciando... 
[15:15:09,73] Processo iniciado 
[15:15:09,79] Processo nao encontrado. Iniciando... 
[15:15:09,79] Processo iniciado 
[15:15:09,85] Processo nao encontrado. Iniciando... 
[15:15:09,85] Processo iniciado 
[15:15:09,90] Processo nao encontrado. Iniciando... 
[15:15:09,90] Processo iniciado 
[15:15:09,97] Processo nao encontrado. Iniciando... 
[15:15:09,97] Processo iniciado 
[15:15:10,03] Processo nao encontrado. Iniciando... 
[15:15:10,03] Processo iniciado 
[15:15:10,09] Processo nao encontrado. Iniciando... 
[15:15:10,09] Processo iniciado 
[15:15:10,14] Processo nao encontrado. Iniciando... 
[15:15:10,14] Processo iniciado 
[15:15:10,20] Processo nao encontrado. Iniciando... 
[15:15:10,20] Processo iniciado 
[15:15:10,27] Processo nao encontrado. Iniciando... 
[15:15:10,27] Processo iniciado 
[15:15:10,33] Processo nao encontrado. Iniciando... 
[15:15:10,33] Processo iniciado 
[15:15:10,39] Processo nao encontrado. Iniciando... 
[15:15:10,39] Processo iniciado 
[15:15:10,46] Processo nao encontrado. Iniciando... 
[15:15:10,46] Processo iniciado 
[15:15:10,52] Processo nao encontrado. Iniciando... 
[15:15:10,52] Processo iniciado 
[15:15:10,57] Processo nao encontrado. Iniciando... 
[15:15:10,57] Processo iniciado 
[15:15:10,63] Processo nao encontrado. Iniciando... 
[15:15:10,63] Processo iniciado 
[15:15:10,71] Processo nao encontrado. Iniciando... 
[15:15:10,71] Processo iniciado 
[15:15:10,77] Processo nao encontrado. Iniciando... 
[15:15:10,77] Processo iniciado 
[15:15:10,83] Processo nao encontrado. Iniciando... 
[15:15:10,83] Processo iniciado 
[15:15:10,89] Processo nao encontrado. Iniciando... 
[15:15:10,89] Processo iniciado 
[15:15:10,95] Processo nao encontrado. Iniciando... 
[15:15:10,95] Processo iniciado 
[15:15:11,01] Processo nao encontrado. Iniciando... 
[15:15:11,01] Processo iniciado 
[15:15:11,07] Processo nao encontrado. Iniciando... 
[15:15:11,07] Processo iniciado 
[15:15:11,12] Processo nao encontrado. Iniciando... 
[15:15:11,12] Processo iniciado 
[15:15:11,19] Processo nao encontrado. Iniciando... 
[15:15:11,19] Processo iniciado 
[15:15:11,25] Processo nao encontrado. Iniciando... 
[15:15:11,25] Processo iniciado 
[15:15:11,31] Processo nao encontrado. Iniciando... 
[15:15:11,31] Processo iniciado 
[15:15:11,36] Processo nao encontrado. Iniciando... 
[15:15:11,36] Processo iniciado 
[15:15:11,43] Processo nao encontrado. Iniciando... 
[15:15:11,43] Processo iniciado 
[15:15:11,50] Processo nao encontrado. Iniciando... 
[15:15:11,50] Processo iniciado 
[15:15:11,55] Processo nao encontrado. Iniciando... 
[15:15:11,55] Processo iniciado 
[15:15:11,62] Processo nao encontrado. Iniciando... 
[15:15:11,62] Processo iniciado 
[15:15:11,68] Processo nao encontrado. Iniciando... 
[15:15:11,68] Processo iniciado 
[15:15:11,74] Processo nao encontrado. Iniciando... 
[15:15:11,74] Processo iniciado 
[15:15:11,80] Processo nao encontrado. Iniciando... 
[15:15:11,80] Processo iniciado 
[15:15:11,86] Processo nao encontrado. Iniciando... 
[15:15:11,86] Processo iniciado 
[15:15:11,92] Processo nao encontrado. Iniciando... 
[15:15:11,92] Processo iniciado 
[15:15:11,98] Processo nao encontrado. Iniciando... 
[15:15:11,98] Processo iniciado 
[15:15:12,04] Processo nao encontrado. Iniciando... 
[15:15:12,04] Processo iniciado 
[15:15:12,10] Processo nao encontrado. Iniciando... 
[15:15:12,10] Processo iniciado 
[15:15:12,16] Processo nao encontrado. Iniciando... 
[15:15:12,16] Processo iniciado 
[15:15:12,22] Processo nao encontrado. Iniciando... 
[15:15:12,22] Processo iniciado 
[15:15:12,28] Processo nao encontrado. Iniciando... 
[15:15:12,28] Processo iniciado 
[15:15:12,35] Processo nao encontrado. Iniciando... 
[15:15:12,35] Processo iniciado 
[15:15:12,40] Processo nao encontrado. Iniciando... 
[15:15:12,40] Processo iniciado 
[15:15:12,46] Processo nao encontrado. Iniciando... 
[15:15:12,46] Processo iniciado 
[15:15:12,52] Processo nao encontrado. Iniciando... 
[15:15:12,52] Processo iniciado 
[15:15:12,59] Processo nao encontrado. Iniciando... 
[15:15:12,59] Processo iniciado 
[15:15:12,65] Processo nao encontrado. Iniciando... 
[15:15:12,65] Processo iniciado 
[15:15:12,71] Processo nao encontrado. Iniciando... 
[15:15:12,71] Processo iniciado 
[15:15:12,76] Processo nao encontrado. Iniciando... 
[15:15:12,76] Processo iniciado 
[15:15:12,83] Processo nao encontrado. Iniciando... 
[15:15:12,83] Processo iniciado 
[15:15:12,88] Processo nao encontrado. Iniciando... 
[15:15:12,88] Processo iniciado 
[15:15:12,94] Processo nao encontrado. Iniciando... 
[15:15:12,94] Processo iniciado 
[15:15:13,00] Processo nao encontrado. Iniciando... 
[15:15:13,00] Processo iniciado 
[15:15:13,06] Processo nao encontrado. Iniciando... 
[15:15:13,06] Processo iniciado 
[15:15:13,12] Processo nao encontrado. Iniciando... 
[15:15:13,12] Processo iniciado 
[15:15:13,18] Processo nao encontrado. Iniciando... 
[15:15:13,18] Processo iniciado 
[15:15:13,24] Processo nao encontrado. Iniciando... 
[15:15:13,24] Processo iniciado 
[15:15:13,31] Processo nao encontrado. Iniciando... 
[15:15:13,31] Processo iniciado 
[15:15:13,36] Processo nao encontrado. Iniciando... 
[15:15:13,36] Processo iniciado 
[15:15:13,42] Processo nao encontrado. Iniciando... 
[15:15:13,42] Processo iniciado 
[15:15:13,49] Processo nao encontrado. Iniciando... 
[15:15:13,49] Processo iniciado 
[15:15:13,54] Processo nao encontrado. Iniciando... 
[15:15:13,54] Processo iniciado 
[15:15:13,61] Processo nao encontrado. Iniciando... 
[15:15:13,61] Processo iniciado 
[15:15:13,67] Processo nao encontrado. Iniciando... 
[15:15:13,67] Processo iniciado 
[15:15:13,72] Processo nao encontrado. Iniciando... 
[15:15:13,72] Processo iniciado 
[15:15:13,79] Processo nao encontrado. Iniciando... 
[15:15:13,79] Processo iniciado 
[15:15:13,85] Processo nao encontrado. Iniciando... 
[15:15:13,85] Processo iniciado 
[15:15:13,91] Processo nao encontrado. Iniciando... 
[15:15:13,91] Processo iniciado 
[15:15:13,97] Processo nao encontrado. Iniciando... 
[15:15:13,97] Processo iniciado 
[15:15:14,03] Processo nao encontrado. Iniciando... 
[15:15:14,03] Processo iniciado 
[15:15:14,09] Processo nao encontrado. Iniciando... 
[15:15:14,09] Processo iniciado 
[15:15:14,15] Processo nao encontrado. Iniciando... 
[15:15:14,15] Processo iniciado 
[15:15:14,21] Processo nao encontrado. Iniciando... 
[15:15:14,21] Processo iniciado 
[15:15:14,27] Processo nao encontrado. Iniciando... 
[15:15:14,27] Processo iniciado 
[15:15:14,33] Processo nao encontrado. Iniciando... 
[15:15:14,33] Processo iniciado 
[15:15:14,39] Processo nao encontrado. Iniciando... 
[15:15:14,39] Processo iniciado 
[15:15:14,45] Processo nao encontrado. Iniciando... 
[15:15:14,45] Processo iniciado 
[15:15:14,52] Processo nao encontrado. Iniciando... 
[15:15:14,52] Processo iniciado 
[15:15:14,57] Processo nao encontrado. Iniciando... 
[15:15:14,57] Processo iniciado 
[15:15:14,64] Processo nao encontrado. Iniciando... 
[15:15:14,64] Processo iniciado 
[15:15:14,70] Processo nao encontrado. Iniciando... 
[15:15:14,70] Processo iniciado 
[15:15:14,76] Processo nao encontrado. Iniciando... 
[15:15:14,76] Processo iniciado 
[15:15:14,82] Processo nao encontrado. Iniciando... 
[15:15:14,82] Processo iniciado 
[15:15:14,88] Processo nao encontrado. Iniciando... 
[15:15:14,88] Processo iniciado 
[15:15:14,94] Processo nao encontrado. Iniciando... 
[15:15:14,94] Processo iniciado 
[15:15:15,00] Processo nao encontrado. Iniciando... 
[15:15:15,00] Processo iniciado 
[15:15:15,07] Processo nao encontrado. Iniciando... 
[15:15:15,07] Processo iniciado 
[15:15:15,13] Processo nao encontrado. Iniciando... 
[15:15:15,13] Processo iniciado 
[15:15:15,19] Processo nao encontrado. Iniciando... 
[15:15:15,19] Processo iniciado 
[15:15:15,25] Processo nao encontrado. Iniciando... 
[15:15:15,25] Processo iniciado 
[15:15:15,30] Processo nao encontrado. Iniciando... 
[15:15:15,30] Processo iniciado 
[15:15:15,37] Processo nao encontrado. Iniciando... 
[15:15:15,37] Processo iniciado 
[15:15:15,43] Processo nao encontrado. Iniciando... 
[15:15:15,43] Processo iniciado 
[15:15:15,50] Processo nao encontrado. Iniciando... 
[15:15:15,50] Processo iniciado 
[15:15:15,55] Processo nao encontrado. Iniciando... 
[15:15:15,55] Processo iniciado 
[15:15:15,61] Processo nao encontrado. Iniciando... 
[15:15:15,61] Processo iniciado 
[15:15:15,67] Processo nao encontrado. Iniciando... 
[15:15:15,67] Processo iniciado 
[15:15:15,74] Processo nao encontrado. Iniciando... 
[15:15:15,74] Processo iniciado 
[15:15:15,80] Processo nao encontrado. Iniciando... 
[15:15:15,80] Processo iniciado 
[15:15:15,86] Processo nao encontrado. Iniciando... 
[15:15:15,86] Processo iniciado 
[15:15:15,92] Processo nao encontrado. Iniciando... 
[15:15:15,92] Processo iniciado 
[15:15:15,98] Processo nao encontrado. Iniciando... 
[15:15:15,98] Processo iniciado 
[15:15:16,21] Processo nao encontrado. Iniciando... 
[15:15:16,21] Processo iniciado 
[15:15:16,29] Processo nao encontrado. Iniciando... 
[15:15:16,29] Processo iniciado 
[15:15:16,37] Processo nao encontrado. Iniciando... 
[15:15:16,37] Processo iniciado 
========================================
Inicio: 17/11/2025 15:20:05,50 
Processo: Dtc_Atualizador_Server.exe 
Caminho: C:\Program Files\Datacom\DtcSync\Dtc_Atualizador_Server.exe 
========================================
[17/11/2025 15:20:05,55] Monitoramento iniciado 
========================================
Inicio: 18/11/2025 15:34:05,57 
Processo: Dtc_Atualizador_Server.exe 
Caminho: C:\Program Files\Datacom\DtcSync\Dtc_Atualizador_Server.exe 
========================================
[18/11/2025 15:34:05,62] Monitoramento iniciado 
========================================
Inicio: 18/11/2025 18:06:10,03 
Processo: Dtc_Atualizador_Server.exe 
Caminho: C:\Program Files\Datacom\DtcSync\Dtc_Atualizador_Server.exe 
========================================
[18/11/2025 18:06:10,11] Monitoramento iniciado 
[10:24:56,86] Processo nao encontrado. Iniciando... 
[10:24:56,86] Processo iniciado 
[10:24:57,51] Processo nao encontrado. Iniciando... 
[10:24:57,51] Processo iniciado 
[10:24:57,58] Processo nao encontrado. Iniciando... 
[10:24:57,58] Processo iniciado 
[10:24:57,64] Processo nao encontrado. Iniciando... 
[10:24:57,64] Processo iniciado 
[10:24:57,72] Processo nao encontrado. Iniciando... 
[10:24:57,72] Processo iniciado 
[10:24:57,81] Processo nao encontrado. Iniciando... 
[10:24:57,81] Processo iniciado 
[10:24:57,86] Processo nao encontrado. Iniciando... 
[10:24:57,86] Processo iniciado 
[10:24:57,91] Processo nao encontrado. Iniciando... 
[10:24:57,91] Processo iniciado 
[10:24:57,99] Processo nao encontrado. Iniciando... 
[10:24:57,99] Processo iniciado 
[10:24:58,04] Processo nao encontrado. Iniciando... 
[10:24:58,04] Processo iniciado 
[10:24:58,13] Processo nao encontrado. Iniciando... 
[10:24:58,13] Processo iniciado 
[10:24:58,19] Processo nao encontrado. Iniciando... 
[10:24:58,19] Processo iniciado 
[10:24:58,24] Processo nao encontrado. Iniciando... 
[10:24:58,24] Processo iniciado 
[10:24:58,30] Processo nao encontrado. Iniciando... 
[10:24:58,30] Processo iniciado 
[10:24:58,35] Processo nao encontrado. Iniciando... 
[10:24:58,35] Processo iniciado 
[10:24:58,41] Processo nao encontrado. Iniciando... 
[10:24:58,41] Processo iniciado 
[10:24:58,46] Processo nao encontrado. Iniciando... 
[10:24:58,46] Processo iniciado 
[10:24:58,52] Processo nao encontrado. Iniciando... 
[10:24:58,52] Processo iniciado 
[10:24:58,58] Processo nao encontrado. Iniciando... 
[10:24:58,58] Processo iniciado 
[10:24:58,63] Processo nao encontrado. Iniciando... 
[10:24:58,63] Processo iniciado 
[10:24:58,68] Processo nao encontrado. Iniciando... 
[10:24:58,68] Processo iniciado 
[10:24:58,74] Processo nao encontrado. Iniciando... 
[10:24:58,74] Processo iniciado 
[10:24:58,79] Processo nao encontrado. Iniciando... 
[10:24:58,79] Processo iniciado 
[10:24:58,85] Processo nao encontrado. Iniciando... 
[10:24:58,85] Processo iniciado 
[10:24:58,90] Processo nao encontrado. Iniciando... 
[10:24:58,90] Processo iniciado 
[10:24:58,95] Processo nao encontrado. Iniciando... 
[10:24:58,95] Processo iniciado 
[10:24:59,02] Processo nao encontrado. Iniciando... 
[10:24:59,02] Processo iniciado 
[10:24:59,06] Processo nao encontrado. Iniciando... 
[10:24:59,06] Processo iniciado 
[10:24:59,12] Processo nao encontrado. Iniciando... 
[10:24:59,12] Processo iniciado 
[10:24:59,17] Processo nao encontrado. Iniciando... 
[10:24:59,17] Processo iniciado 
[10:24:59,23] Processo nao encontrado. Iniciando... 
[10:24:59,23] Processo iniciado 
[10:24:59,29] Processo nao encontrado. Iniciando... 
[10:24:59,29] Processo iniciado 
[10:24:59,34] Processo nao encontrado. Iniciando... 
[10:24:59,34] Processo iniciado 
[10:24:59,39] Processo nao encontrado. Iniciando... 
[10:24:59,39] Processo iniciado 
[10:24:59,44] Processo nao encontrado. Iniciando... 
[10:24:59,44] Processo iniciado 
[10:24:59,49] Processo nao encontrado. Iniciando... 
[10:24:59,49] Processo iniciado 
[10:24:59,53] Processo nao encontrado. Iniciando... 
[10:24:59,53] Processo iniciado 
[10:24:59,59] Processo nao encontrado. Iniciando... 
[10:24:59,59] Processo iniciado 
[10:24:59,63] Processo nao encontrado. Iniciando... 
[10:24:59,63] Processo iniciado 
[10:24:59,69] Processo nao encontrado. Iniciando... 
[10:24:59,69] Processo iniciado 
[10:24:59,74] Processo nao encontrado. Iniciando... 
[10:24:59,74] Processo iniciado 
[10:24:59,79] Processo nao encontrado. Iniciando... 
[10:24:59,79] Processo iniciado 
[10:24:59,83] Processo nao encontrado. Iniciando... 
[10:24:59,83] Processo iniciado 
[10:24:59,89] Processo nao encontrado. Iniciando... 
[10:24:59,89] Processo iniciado 
[10:24:59,93] Processo nao encontrado. Iniciando... 
[10:24:59,93] Processo iniciado 
[10:24:59,98] Processo nao encontrado. Iniciando... 
[10:24:59,98] Processo iniciado 
[10:25:00,04] Processo nao encontrado. Iniciando... 
[10:25:00,04] Processo iniciado 
[10:25:00,09] Processo nao encontrado. Iniciando... 
[10:25:00,09] Processo iniciado 
[10:25:00,14] Processo nao encontrado. Iniciando... 
[10:25:00,14] Processo iniciado 
[10:25:00,19] Processo nao encontrado. Iniciando... 
[10:25:00,19] Processo iniciado 
[10:25:00,23] Processo nao encontrado. Iniciando... 
[10:25:00,23] Processo iniciado 
[10:25:00,28] Processo nao encontrado. Iniciando... 
[10:25:00,28] Processo iniciado 
[10:25:00,34] Processo nao encontrado. Iniciando... 
[10:25:00,34] Processo iniciado 
[10:25:00,38] Processo nao encontrado. Iniciando... 
[10:25:00,38] Processo iniciado 
[10:25:00,43] Processo nao encontrado. Iniciando... 
[10:25:00,43] Processo iniciado 
[10:25:00,48] Processo nao encontrado. Iniciando... 
[10:25:00,48] Processo iniciado 
[10:25:00,53] Processo nao encontrado. Iniciando... 
[10:25:00,53] Processo iniciado 
[10:25:00,58] Processo nao encontrado. Iniciando... 
[10:25:00,58] Processo iniciado 
[10:25:00,63] Processo nao encontrado. Iniciando... 
[10:25:00,63] Processo iniciado 
[10:25:00,67] Processo nao encontrado. Iniciando... 
[10:25:00,67] Processo iniciado 
[10:25:00,72] Processo nao encontrado. Iniciando... 
[10:25:00,72] Processo iniciado 
[10:25:00,77] Processo nao encontrado. Iniciando... 
[10:25:00,77] Processo iniciado 
[10:25:00,82] Processo nao encontrado. Iniciando... 
[10:25:00,82] Processo iniciado 
[10:25:00,87] Processo nao encontrado. Iniciando... 
[10:25:00,87] Processo iniciado 
[10:25:00,92] Processo nao encontrado. Iniciando... 
[10:25:00,92] Processo iniciado 
[10:25:00,97] Processo nao encontrado. Iniciando... 
[10:25:00,97] Processo iniciado 
[10:25:01,02] Processo nao encontrado. Iniciando... 
[10:25:01,02] Processo iniciado 
[10:25:01,07] Processo nao encontrado. Iniciando... 
[10:25:01,07] Processo iniciado 
[10:25:01,12] Processo nao encontrado. Iniciando... 
[10:25:01,12] Processo iniciado 
[10:25:01,16] Processo nao encontrado. Iniciando... 
[10:25:01,16] Processo iniciado 
[10:25:01,22] Processo nao encontrado. Iniciando... 
[10:25:01,22] Processo iniciado 
[10:25:01,30] Processo nao encontrado. Iniciando... 
[10:25:01,30] Processo iniciado 
[10:25:01,37] Processo nao encontrado. Iniciando... 
[10:25:01,37] Processo iniciado 
[10:25:01,41] Processo nao encontrado. Iniciando... 
[10:25:01,41] Processo iniciado 
[10:25:01,46] Processo nao encontrado. Iniciando... 
[10:25:01,46] Processo iniciado 
[10:25:01,51] Processo nao encontrado. Iniciando... 
[10:25:01,51] Processo iniciado 
========================================
Inicio: 21/11/2025  8:11:07,53 
Processo: Dtc_Atualizador_Server.exe 
Caminho: C:\Program Files\Datacom\DtcSync\Dtc_Atualizador_Server.exe 
========================================
[21/11/2025  8:11:07,57] Monitoramento iniciado 
[15:13:34,52] Processo nao encontrado. Iniciando... 
[15:13:34,52] Processo iniciado 
[15:13:35,32] Processo nao encontrado. Iniciando... 
[15:13:35,32] Processo iniciado 
[15:13:35,40] Processo nao encontrado. Iniciando... 
[15:13:35,40] Processo iniciado 
[15:13:35,46] Processo nao encontrado. Iniciando... 
[15:13:35,46] Processo iniciado 
[15:13:35,53] Processo nao encontrado. Iniciando... 
[15:13:35,53] Processo iniciado 
[15:13:35,59] Processo nao encontrado. Iniciando... 
[15:13:35,59] Processo iniciado 
[15:13:35,66] Processo nao encontrado. Iniciando... 
[15:13:35,66] Processo iniciado 
[15:13:35,74] Processo nao encontrado. Iniciando... 
[15:13:35,74] Processo iniciado 
[15:13:35,81] Processo nao encontrado. Iniciando... 
[15:13:35,81] Processo iniciado 
[15:13:35,89] Processo nao encontrado. Iniciando... 
[15:13:35,89] Processo iniciado 
[15:13:35,97] Processo nao encontrado. Iniciando... 
[15:13:35,97] Processo iniciado 
[15:13:36,04] Processo nao encontrado. Iniciando... 
[15:13:36,04] Processo iniciado 
[15:13:36,11] Processo nao encontrado. Iniciando... 
[15:13:36,11] Processo iniciado 
[15:13:36,17] Processo nao encontrado. Iniciando... 
[15:13:36,17] Processo iniciado 
[15:13:36,24] Processo nao encontrado. Iniciando... 
[15:13:36,24] Processo iniciado 
[15:13:36,30] Processo nao encontrado. Iniciando... 
[15:13:36,30] Processo iniciado 
[15:13:36,36] Processo nao encontrado. Iniciando... 
[15:13:36,36] Processo iniciado 
[15:13:36,42] Processo nao encontrado. Iniciando... 
[15:13:36,42] Processo iniciado 
[15:13:36,48] Processo nao encontrado. Iniciando... 
[15:13:36,48] Processo iniciado 
[15:13:36,54] Processo nao encontrado. Iniciando... 
[15:13:36,54] Processo iniciado 
[15:13:36,60] Processo nao encontrado. Iniciando... 
[15:13:36,60] Processo iniciado 
[15:13:36,66] Processo nao encontrado. Iniciando... 
[15:13:36,66] Processo iniciado 
[15:13:36,72] Processo nao encontrado. Iniciando... 
[15:13:36,72] Processo iniciado 
[15:13:36,78] Processo nao encontrado. Iniciando... 
[15:13:36,78] Processo iniciado 
[15:13:36,85] Processo nao encontrado. Iniciando... 
[15:13:36,85] Processo iniciado 
[15:13:36,91] Processo nao encontrado. Iniciando... 
[15:13:36,91] Processo iniciado 
[15:13:36,97] Processo nao encontrado. Iniciando... 
[15:13:36,97] Processo iniciado 
[15:13:37,03] Processo nao encontrado. Iniciando... 
[15:13:37,03] Processo iniciado 
[15:13:37,09] Processo nao encontrado. Iniciando... 
[15:13:37,09] Processo iniciado 
[15:13:37,15] Processo nao encontrado. Iniciando... 
[15:13:37,15] Processo iniciado 
[15:13:37,21] Processo nao encontrado. Iniciando... 
[15:13:37,21] Processo iniciado 
[15:13:37,27] Processo nao encontrado. Iniciando... 
[15:13:37,27] Processo iniciado 
[15:13:37,33] Processo nao encontrado. Iniciando... 
[15:13:37,33] Processo iniciado 
[15:13:37,38] Processo nao encontrado. Iniciando... 
[15:13:37,38] Processo iniciado 
[15:13:37,44] Processo nao encontrado. Iniciando... 
[15:13:37,44] Processo iniciado 
[15:13:37,50] Processo nao encontrado. Iniciando... 
[15:13:37,50] Processo iniciado 
[15:13:37,56] Processo nao encontrado. Iniciando... 
[15:13:37,56] Processo iniciado 
[15:13:37,61] Processo nao encontrado. Iniciando... 
[15:13:37,61] Processo iniciado 
[15:13:37,67] Processo nao encontrado. Iniciando... 
[15:13:37,67] Processo iniciado 
[15:13:37,73] Processo nao encontrado. Iniciando... 
[15:13:37,73] Processo iniciado 
[15:13:37,79] Processo nao encontrado. Iniciando... 
[15:13:37,79] Processo iniciado 
[15:13:37,84] Processo nao encontrado. Iniciando... 
[15:13:37,84] Processo iniciado 
[15:13:37,90] Processo nao encontrado. Iniciando... 
[15:13:37,90] Processo iniciado 
[15:13:37,96] Processo nao encontrado. Iniciando... 
[15:13:37,96] Processo iniciado 
[15:13:38,02] Processo nao encontrado. Iniciando... 
[15:13:38,02] Processo iniciado 
[15:13:38,08] Processo nao encontrado. Iniciando... 
[15:13:38,08] Processo iniciado 
========================================
Inicio: 27/11/2025 15:19:26,74 
Processo: Dtc_Atualizador_Server.exe 
Caminho: C:\Program Files\Datacom\DtcSync\Dtc_Atualizador_Server.exe 
========================================
[27/11/2025 15:19:26,78] Monitoramento iniciado 
========================================
Inicio: 28/11/2025  9:14:55,77 
Processo: Dtc_Atualizador_Server.exe 
Caminho: C:\Program Files\Datacom\DtcSync\Dtc_Atualizador_Server.exe 
========================================
[28/11/2025  9:14:55,82] Monitoramento iniciado 
[19:49:30,57] Processo nao encontrado. Iniciando... 
[19:49:30,57] Processo iniciado 
[19:49:30,85] Processo nao encontrado. Iniciando... 
[19:49:30,85] Processo iniciado 
[19:49:30,98] Processo nao encontrado. Iniciando... 
[19:49:30,98] Processo iniciado 
[19:49:31,06] Processo nao encontrado. Iniciando... 
[19:49:31,06] Processo iniciado 
[19:49:31,15] Processo nao encontrado. Iniciando... 
[19:49:31,15] Processo iniciado 
[19:49:31,22] Processo nao encontrado. Iniciando... 
[19:49:31,22] Processo iniciado 
[19:49:31,33] Processo nao encontrado. Iniciando... 
[19:49:31,33] Processo iniciado 
[19:49:31,58] Processo nao encontrado. Iniciando... 
[19:49:31,58] Processo iniciado 
[19:49:31,65] Processo nao encontrado. Iniciando... 
[19:49:31,65] Processo iniciado 
[19:49:31,76] Processo nao encontrado. Iniciando... 
[19:49:31,76] Processo iniciado 
[19:49:31,81] Processo nao encontrado. Iniciando... 
[19:49:31,81] Processo iniciado 
[19:49:31,87] Processo nao encontrado. Iniciando... 
[19:49:31,87] Processo iniciado 
[19:49:31,94] Processo nao encontrado. Iniciando... 
[19:49:31,94] Processo iniciado 
[19:49:31,99] Processo nao encontrado. Iniciando... 
[19:49:31,99] Processo iniciado 
[19:49:32,05] Processo nao encontrado. Iniciando... 
[19:49:32,05] Processo iniciado 
[19:49:32,10] Processo nao encontrado. Iniciando... 
[19:49:32,10] Processo iniciado 
[19:49:32,16] Processo nao encontrado. Iniciando... 
[19:49:32,16] Processo iniciado 
[19:49:32,21] Processo nao encontrado. Iniciando... 
[19:49:32,21] Processo iniciado 
[19:49:32,27] Processo nao encontrado. Iniciando... 
[19:49:32,27] Processo iniciado 
[19:49:32,33] Processo nao encontrado. Iniciando... 
[19:49:32,33] Processo iniciado 
[19:49:32,39] Processo nao encontrado. Iniciando... 
[19:49:32,39] Processo iniciado 
[19:49:32,44] Processo nao encontrado. Iniciando... 
[19:49:32,44] Processo iniciado 
[19:49:32,50] Processo nao encontrado. Iniciando... 
[19:49:32,50] Processo iniciado 
[19:49:32,54] Processo nao encontrado. Iniciando... 
[19:49:32,54] Processo iniciado 
[19:49:32,61] Processo nao encontrado. Iniciando... 
[19:49:32,61] Processo iniciado 
[19:49:32,66] Processo nao encontrado. Iniciando... 
[19:49:32,66] Processo iniciado 
[19:49:32,72] Processo nao encontrado. Iniciando... 
[19:49:32,72] Processo iniciado 
[19:49:32,77] Processo nao encontrado. Iniciando... 
[19:49:32,77] Processo iniciado 
[19:49:32,83] Processo nao encontrado. Iniciando... 
[19:49:32,83] Processo iniciado 
[19:49:32,87] Processo nao encontrado. Iniciando... 
[19:49:32,87] Processo iniciado 
[19:49:32,94] Processo nao encontrado. Iniciando... 
[19:49:32,94] Processo iniciado 
[19:49:32,99] Processo nao encontrado. Iniciando... 
[19:49:32,99] Processo iniciado 
[19:49:33,04] Processo nao encontrado. Iniciando... 
[19:49:33,04] Processo iniciado 
[19:49:33,10] Processo nao encontrado. Iniciando... 
[19:49:33,10] Processo iniciado 
[19:49:33,16] Processo nao encontrado. Iniciando... 
[19:49:33,16] Processo iniciado 
[19:49:33,21] Processo nao encontrado. Iniciando... 
[19:49:33,21] Processo iniciado 
[19:49:33,27] Processo nao encontrado. Iniciando... 
[19:49:33,27] Processo iniciado 
[19:49:33,30] Processo nao encontrado. Iniciando... 
[19:49:33,30] Processo iniciado 
[19:49:33,37] Processo nao encontrado. Iniciando... 
[19:49:33,37] Processo iniciado 
[19:49:33,42] Processo nao encontrado. Iniciando... 
[19:49:33,42] Processo iniciado 
[19:49:33,48] Processo nao encontrado. Iniciando... 
[19:49:33,48] Processo iniciado 
[19:49:33,53] Processo nao encontrado. Iniciando... 
[19:49:33,53] Processo iniciado 
[19:49:33,57] Processo nao encontrado. Iniciando... 
[19:49:33,57] Processo iniciado 
[19:49:33,63] Processo nao encontrado. Iniciando... 
[19:49:33,63] Processo iniciado 
[19:49:33,69] Processo nao encontrado. Iniciando... 
[19:49:33,69] Processo iniciado 
[19:49:33,73] Processo nao encontrado. Iniciando... 
[19:49:33,74] Processo iniciado 
[19:49:33,78] Processo nao encontrado. Iniciando... 
[19:49:33,78] Processo iniciado 
[19:49:33,84] Processo nao encontrado. Iniciando... 
[19:49:33,84] Processo iniciado 
[19:49:33,90] Processo nao encontrado. Iniciando... 
[19:49:33,90] Processo iniciado 
[19:49:33,94] Processo nao encontrado. Iniciando... 
[19:49:33,94] Processo iniciado 
[19:49:34,00] Processo nao encontrado. Iniciando... 
[19:49:34,00] Processo iniciado 
[19:49:34,05] Processo nao encontrado. Iniciando... 
[19:49:34,05] Processo iniciado 
[19:49:34,10] Processo nao encontrado. Iniciando... 
[19:49:34,10] Processo iniciado 
[19:49:34,15] Processo nao encontrado. Iniciando... 
[19:49:34,15] Processo iniciado 
[19:49:34,20] Processo nao encontrado. Iniciando... 
[19:49:34,20] Processo iniciado 
[19:49:34,26] Processo nao encontrado. Iniciando... 
[19:49:34,26] Processo iniciado 
[19:49:34,30] Processo nao encontrado. Iniciando... 
[19:49:34,30] Processo iniciado 
[19:49:34,35] Processo nao encontrado. Iniciando... 
[19:49:34,35] Processo iniciado 
[19:49:34,40] Processo nao encontrado. Iniciando... 
[19:49:34,40] Processo iniciado 
[19:49:34,45] Processo nao encontrado. Iniciando... 
[19:49:34,45] Processo iniciado 
[19:49:34,51] Processo nao encontrado. Iniciando... 
[19:49:34,51] Processo iniciado 
[19:49:34,56] Processo nao encontrado. Iniciando... 
[19:49:34,56] Processo iniciado 
[19:49:34,60] Processo nao encontrado. Iniciando... 
[19:49:34,60] Processo iniciado 
[19:49:34,66] Processo nao encontrado. Iniciando... 
[19:49:34,66] Processo iniciado 
[19:49:34,70] Processo nao encontrado. Iniciando... 
[19:49:34,70] Processo iniciado 
[19:49:34,76] Processo nao encontrado. Iniciando... 
[19:49:34,76] Processo iniciado 
[19:49:34,81] Processo nao encontrado. Iniciando... 
[19:49:34,81] Processo iniciado 
[19:49:34,86] Processo nao encontrado. Iniciando... 
[19:49:34,86] Processo iniciado 
[19:49:34,91] Processo nao encontrado. Iniciando... 
[19:49:34,91] Processo iniciado 
[19:49:34,96] Processo nao encontrado. Iniciando... 
[19:49:34,96] Processo iniciado 
[19:49:35,02] Processo nao encontrado. Iniciando... 
[19:49:35,02] Processo iniciado 
[19:49:35,07] Processo nao encontrado. Iniciando... 
[19:49:35,07] Processo iniciado 
[19:49:35,12] Processo nao encontrado. Iniciando... 
[19:49:35,12] Processo iniciado 
[19:49:35,16] Processo nao encontrado. Iniciando... 
[19:49:35,16] Processo iniciado 
[19:49:35,22] Processo nao encontrado. Iniciando... 
[19:49:35,22] Processo iniciado 
[19:49:35,33] Processo nao encontrado. Iniciando... 
[19:49:35,33] Processo iniciado 
[19:49:35,40] Processo nao encontrado. Iniciando... 
[19:49:35,40] Processo iniciado 
[19:49:35,47] Processo nao encontrado. Iniciando... 
[19:49:35,47] Processo iniciado 
[19:49:35,52] Processo nao encontrado. Iniciando... 
[19:49:35,52] Processo iniciado 
[19:49:35,60] Processo nao encontrado. Iniciando... 
[19:49:35,60] Processo iniciado 
[19:49:35,67] Processo nao encontrado. Iniciando... 
[19:49:35,67] Processo iniciado 
[19:49:35,73] Processo nao encontrado. Iniciando... 
[19:49:35,73] Processo iniciado 
========================================
Inicio: 02/12/2025  7:53:08,14 
Processo: Dtc_Atualizador_Server.exe 
Caminho: C:\Program Files\Datacom\DtcSync\Dtc_Atualizador_Server.exe 
========================================
[02/12/2025  7:53:08,19] Monitoramento iniciado 
========================================
Inicio: 09/12/2025 10:05:41,97 
Processo: Dtc_Atualizador_Server.exe 
Caminho: C:\Program Files\Datacom\DtcSync\Dtc_Atualizador_Server.exe 
========================================
[09/12/2025 10:05:42,01] Monitoramento iniciado 
========================================
Inicio: 09/12/2025 11:16:11,38 
Processo: Dtc_Atualizador_Server.exe 
Caminho: C:\Program Files\Datacom\DtcSync\Dtc_Atualizador_Server.exe 
========================================
[09/12/2025 11:16:11,42] Monitoramento iniciado 
[11:37:38,60] Processo nao encontrado. Iniciando... 
[11:37:38,60] Processo iniciado 
[11:37:38,77] Processo nao encontrado. Iniciando... 
[11:37:38,77] Processo iniciado 
[11:37:38,83] Processo nao encontrado. Iniciando... 
[11:37:38,83] Processo iniciado 
[11:37:38,90] Processo nao encontrado. Iniciando... 
[11:37:38,90] Processo iniciado 
[11:37:38,97] Processo nao encontrado. Iniciando... 
[11:37:38,97] Processo iniciado 
[11:37:39,02] Processo nao encontrado. Iniciando... 
[11:37:39,02] Processo iniciado 
[11:37:39,07] Processo nao encontrado. Iniciando... 
[11:37:39,07] Processo iniciado 
[11:37:39,13] Processo nao encontrado. Iniciando... 
[11:37:39,13] Processo iniciado 
[11:37:39,18] Processo nao encontrado. Iniciando... 
[11:37:39,18] Processo iniciado 
[11:37:39,23] Processo nao encontrado. Iniciando... 
[11:37:39,23] Processo iniciado 
[11:37:39,28] Processo nao encontrado. Iniciando... 
[11:37:39,28] Processo iniciado 
[11:37:39,33] Processo nao encontrado. Iniciando... 
[11:37:39,33] Processo iniciado 
[11:37:39,37] Processo nao encontrado. Iniciando... 
[11:37:39,37] Processo iniciado 
[11:37:39,44] Processo nao encontrado. Iniciando... 
[11:37:39,44] Processo iniciado 
[11:37:39,49] Processo nao encontrado. Iniciando... 
[11:37:39,49] Processo iniciado 
[11:37:39,53] Processo nao encontrado. Iniciando... 
[11:37:39,53] Processo iniciado 
[11:37:39,58] Processo nao encontrado. Iniciando... 
[11:37:39,58] Processo iniciado 
[11:37:39,64] Processo nao encontrado. Iniciando... 
[11:37:39,64] Processo iniciado 
[11:37:39,67] Processo nao encontrado. Iniciando... 
[11:37:39,67] Processo iniciado 
[11:37:39,73] Processo nao encontrado. Iniciando... 
[11:37:39,73] Processo iniciado 
[11:37:39,79] Processo nao encontrado. Iniciando... 
[11:37:39,79] Processo iniciado 
[11:37:39,83] Processo nao encontrado. Iniciando... 
[11:37:39,83] Processo iniciado 
[11:37:39,88] Processo nao encontrado. Iniciando... 
[11:37:39,88] Processo iniciado 
[11:37:39,93] Processo nao encontrado. Iniciando... 
[11:37:39,93] Processo iniciado 
[11:37:39,98] Processo nao encontrado. Iniciando... 
[11:37:39,98] Processo iniciado 
[11:37:40,03] Processo nao encontrado. Iniciando... 
[11:37:40,03] Processo iniciado 
[11:37:40,07] Processo nao encontrado. Iniciando... 
[11:37:40,07] Processo iniciado 
[11:37:40,14] Processo nao encontrado. Iniciando... 
[11:37:40,14] Processo iniciado 
[11:37:40,19] Processo nao encontrado. Iniciando... 
[11:37:40,19] Processo iniciado 
[11:37:40,23] Processo nao encontrado. Iniciando... 
[11:37:40,23] Processo iniciado 
[11:37:40,28] Processo nao encontrado. Iniciando... 
[11:37:40,28] Processo iniciado 
[11:37:40,33] Processo nao encontrado. Iniciando... 
[11:37:40,33] Processo iniciado 
[11:37:40,39] Processo nao encontrado. Iniciando... 
[11:37:40,39] Processo iniciado 
[11:37:40,43] Processo nao encontrado. Iniciando... 
[11:37:40,43] Processo iniciado 
[11:37:40,49] Processo nao encontrado. Iniciando... 
[11:37:40,49] Processo iniciado 
[11:37:40,53] Processo nao encontrado. Iniciando... 
[11:37:40,53] Processo iniciado 
[11:37:40,57] Processo nao encontrado. Iniciando... 
[11:37:40,57] Processo iniciado 
[11:37:40,63] Processo nao encontrado. Iniciando... 
[11:37:40,63] Processo iniciado 
[11:37:40,68] Processo nao encontrado. Iniciando... 
[11:37:40,68] Processo iniciado 
[11:37:40,73] Processo nao encontrado. Iniciando... 
[11:37:40,73] Processo iniciado 
[11:37:40,77] Processo nao encontrado. Iniciando... 
[11:37:40,77] Processo iniciado 
[11:37:40,82] Processo nao encontrado. Iniciando... 
[11:37:40,82] Processo iniciado 
[11:37:40,87] Processo nao encontrado. Iniciando... 
[11:37:40,87] Processo iniciado 
[11:37:40,91] Processo nao encontrado. Iniciando... 
[11:37:40,91] Processo iniciado 
[11:37:40,96] Processo nao encontrado. Iniciando... 
[11:37:40,96] Processo iniciado 
[11:37:41,01] Processo nao encontrado. Iniciando... 
[11:37:41,01] Processo iniciado 
[11:37:41,06] Processo nao encontrado. Iniciando... 
[11:37:41,06] Processo iniciado 
[11:37:41,10] Processo nao encontrado. Iniciando... 
[11:37:41,10] Processo iniciado 
[11:37:41,15] Processo nao encontrado. Iniciando... 
[11:37:41,15] Processo iniciado 
[11:37:41,20] Processo nao encontrado. Iniciando... 
[11:37:41,20] Processo iniciado 
[11:37:41,25] Processo nao encontrado. Iniciando... 
[11:37:41,25] Processo iniciado 
[11:37:41,29] Processo nao encontrado. Iniciando... 
[11:37:41,29] Processo iniciado 
[11:37:41,34] Processo nao encontrado. Iniciando... 
[11:37:41,34] Processo iniciado 
[11:37:41,38] Processo nao encontrado. Iniciando... 
[11:37:41,39] Processo iniciado 
[11:37:41,43] Processo nao encontrado. Iniciando... 
[11:37:41,43] Processo iniciado 
[11:37:41,48] Processo nao encontrado. Iniciando... 
[11:37:41,48] Processo iniciado 
[11:37:41,52] Processo nao encontrado. Iniciando... 
[11:37:41,52] Processo iniciado 
[11:37:41,57] Processo nao encontrado. Iniciando... 
[11:37:41,57] Processo iniciado 
[11:37:41,62] Processo nao encontrado. Iniciando... 
[11:37:41,62] Processo iniciado 
[11:37:41,66] Processo nao encontrado. Iniciando... 
[11:37:41,66] Processo iniciado 
[11:37:41,71] Processo nao encontrado. Iniciando... 
[11:37:41,71] Processo iniciado 
[11:37:41,75] Processo nao encontrado. Iniciando... 
[11:37:41,75] Processo iniciado 
[11:37:41,80] Processo nao encontrado. Iniciando... 
[11:37:41,80] Processo iniciado 
[11:37:41,85] Processo nao encontrado. Iniciando... 
[11:37:41,85] Processo iniciado 
[11:37:41,89] Processo nao encontrado. Iniciando... 
[11:37:41,89] Processo iniciado 
[11:37:41,94] Processo nao encontrado. Iniciando... 
[11:37:41,94] Processo iniciado 
[11:37:41,99] Processo nao encontrado. Iniciando... 
[11:37:41,99] Processo iniciado 
[11:37:42,04] Processo nao encontrado. Iniciando... 
[11:37:42,04] Processo iniciado 
[11:37:42,09] Processo nao encontrado. Iniciando... 
[11:37:42,09] Processo iniciado 
[11:37:42,14] Processo nao encontrado. Iniciando... 
[11:37:42,14] Processo iniciado 
[11:37:42,18] Processo nao encontrado. Iniciando... 
[11:37:42,18] Processo iniciado 
[11:37:42,23] Processo nao encontrado. Iniciando... 
[11:37:42,23] Processo iniciado 
[11:37:42,28] Processo nao encontrado. Iniciando... 
[11:37:42,28] Processo iniciado 
[11:37:42,33] Processo nao encontrado. Iniciando... 
[11:37:42,33] Processo iniciado 
[11:37:42,37] Processo nao encontrado. Iniciando... 
[11:37:42,37] Processo iniciado 
[11:37:42,42] Processo nao encontrado. Iniciando... 
[11:37:42,42] Processo iniciado 
[11:37:42,47] Processo nao encontrado. Iniciando... 
[11:37:42,47] Processo iniciado 
[11:37:42,51] Processo nao encontrado. Iniciando... 
[11:37:42,51] Processo iniciado 
========================================
Inicio: 09/12/2025 13:52:50,24 
Processo: Dtc_Atualizador_Server.exe 
Caminho: C:\Program Files\Datacom\DtcSync\Dtc_Atualizador_Server.exe 
========================================
[09/12/2025 13:52:50,28] Monitoramento iniciado 
[ 9:27:43,37] Processo nao encontrado. Iniciando... 
[ 9:27:43,37] Processo iniciado 
[22:42:10,46] Processo nao encontrado. Iniciando... 
[22:42:10,46] Processo iniciado 
[22:42:10,91] Processo nao encontrado. Iniciando... 
[22:42:10,91] Processo iniciado 
[22:42:11,11] Processo nao encontrado. Iniciando... 
[22:42:11,11] Processo iniciado 
[22:42:11,29] Processo nao encontrado. Iniciando... 
[22:42:11,29] Processo iniciado 
[22:42:11,43] Processo nao encontrado. Iniciando... 
[22:42:11,43] Processo iniciado 
[22:42:11,56] Processo nao encontrado. Iniciando... 
[22:42:11,56] Processo iniciado 
[22:42:11,67] Processo nao encontrado. Iniciando... 
[22:42:11,67] Processo iniciado 
[22:42:11,76] Processo nao encontrado. Iniciando... 
[22:42:11,76] Processo iniciado 
[22:42:11,82] Processo nao encontrado. Iniciando... 
[22:42:11,82] Processo iniciado 
[22:42:11,89] Processo nao encontrado. Iniciando... 
[22:42:11,89] Processo iniciado 
[22:42:11,95] Processo nao encontrado. Iniciando... 
[22:42:11,95] Processo iniciado 
[22:42:12,01] Processo nao encontrado. Iniciando... 
[22:42:12,01] Processo iniciado 
[22:42:12,08] Processo nao encontrado. Iniciando... 
[22:42:12,08] Processo iniciado 
[22:42:12,13] Processo nao encontrado. Iniciando... 
[22:42:12,13] Processo iniciado 
[22:42:12,19] Processo nao encontrado. Iniciando... 
[22:42:12,19] Processo iniciado 
[22:42:12,24] Processo nao encontrado. Iniciando... 
[22:42:12,24] Processo iniciado 
[22:42:12,30] Processo nao encontrado. Iniciando... 
[22:42:12,30] Processo iniciado 
[22:42:12,35] Processo nao encontrado. Iniciando... 
[22:42:12,35] Processo iniciado 
[22:42:12,41] Processo nao encontrado. Iniciando... 
[22:42:12,41] Processo iniciado 
[22:42:12,46] Processo nao encontrado. Iniciando... 
[22:42:12,46] Processo iniciado 
[22:42:12,58] Processo nao encontrado. Iniciando... 
[22:42:12,58] Processo iniciado 
[22:42:12,64] Processo nao encontrado. Iniciando... 
[22:42:12,64] Processo iniciado 
[22:42:12,71] Processo nao encontrado. Iniciando... 
[22:42:12,71] Processo iniciado 
[22:42:12,77] Processo nao encontrado. Iniciando... 
[22:42:12,77] Processo iniciado 
[22:42:12,84] Processo nao encontrado. Iniciando... 
[22:42:12,84] Processo iniciado 
[22:42:12,91] Processo nao encontrado. Iniciando... 
[22:42:12,91] Processo iniciado 
[22:42:12,98] Processo nao encontrado. Iniciando... 
[22:42:12,98] Processo iniciado 
[22:42:13,05] Processo nao encontrado. Iniciando... 
[22:42:13,05] Processo iniciado 
[22:42:13,11] Processo nao encontrado. Iniciando... 
[22:42:13,11] Processo iniciado 
[22:42:13,17] Processo nao encontrado. Iniciando... 
[22:42:13,17] Processo iniciado 
[22:42:13,24] Processo nao encontrado. Iniciando... 
[22:42:13,24] Processo iniciado 
[22:42:13,30] Processo nao encontrado. Iniciando... 
[22:42:13,30] Processo iniciado 
[22:42:13,35] Processo nao encontrado. Iniciando... 
[22:42:13,35] Processo iniciado 
[22:42:13,41] Processo nao encontrado. Iniciando... 
[22:42:13,41] Processo iniciado 
[22:42:13,47] Processo nao encontrado. Iniciando... 
[22:42:13,47] Processo iniciado 
[22:42:13,53] Processo nao encontrado. Iniciando... 
[22:42:13,53] Processo iniciado 
[22:42:13,58] Processo nao encontrado. Iniciando... 
[22:42:13,58] Processo iniciado 
[22:42:13,64] Processo nao encontrado. Iniciando... 
[22:42:13,64] Processo iniciado 
[22:42:13,69] Processo nao encontrado. Iniciando... 
[22:42:13,69] Processo iniciado 
[22:42:13,74] Processo nao encontrado. Iniciando... 
[22:42:13,74] Processo iniciado 
[22:42:13,80] Processo nao encontrado. Iniciando... 
[22:42:13,80] Processo iniciado 
[22:42:13,85] Processo nao encontrado. Iniciando... 
[22:42:13,85] Processo iniciado 
[22:42:13,90] Processo nao encontrado. Iniciando... 
[22:42:13,90] Processo iniciado 
[22:42:13,95] Processo nao encontrado. Iniciando... 
[22:42:13,95] Processo iniciado 
[22:42:14,02] Processo nao encontrado. Iniciando... 
[22:42:14,02] Processo iniciado 
[22:42:14,07] Processo nao encontrado. Iniciando... 
[22:42:14,07] Processo iniciado 
[22:42:14,13] Processo nao encontrado. Iniciando... 
[22:42:14,13] Processo iniciado 
[22:42:14,21] Processo nao encontrado. Iniciando... 
[22:42:14,21] Processo iniciado 
[22:42:14,27] Processo nao encontrado. Iniciando... 
[22:42:14,27] Processo iniciado 
[22:42:14,33] Processo nao encontrado. Iniciando... 
[22:42:14,33] Processo iniciado 
[22:42:14,38] Processo nao encontrado. Iniciando... 
[22:42:14,38] Processo iniciado 
[22:42:14,43] Processo nao encontrado. Iniciando... 
[22:42:14,43] Processo iniciado 
[22:42:14,48] Processo nao encontrado. Iniciando... 
[22:42:14,48] Processo iniciado 
[22:42:14,54] Processo nao encontrado. Iniciando... 
[22:42:14,54] Processo iniciado 
[22:42:14,59] Processo nao encontrado. Iniciando... 
[22:42:14,59] Processo iniciado 
[22:42:14,65] Processo nao encontrado. Iniciando... 
[22:42:14,65] Processo iniciado 
[22:42:14,70] Processo nao encontrado. Iniciando... 
[22:42:14,70] Processo iniciado 
[22:42:14,76] Processo nao encontrado. Iniciando... 
[22:42:14,76] Processo iniciado 
[22:42:14,81] Processo nao encontrado. Iniciando... 
[22:42:14,81] Processo iniciado 
[22:42:14,86] Processo nao encontrado. Iniciando... 
[22:42:14,86] Processo iniciado 
[22:42:14,91] Processo nao encontrado. Iniciando... 
[22:42:14,91] Processo iniciado 
[22:42:14,96] Processo nao encontrado. Iniciando... 
[22:42:14,96] Processo iniciado 
[22:42:15,02] Processo nao encontrado. Iniciando... 
[22:42:15,02] Processo iniciado 
[22:42:15,07] Processo nao encontrado. Iniciando... 
[22:42:15,07] Processo iniciado 
[22:42:15,13] Processo nao encontrado. Iniciando... 
[22:42:15,13] Processo iniciado 
[22:42:15,20] Processo nao encontrado. Iniciando... 
[22:42:15,20] Processo iniciado 
[22:42:15,26] Processo nao encontrado. Iniciando... 
[22:42:15,26] Processo iniciado 
[22:42:15,32] Processo nao encontrado. Iniciando... 
[22:42:15,32] Processo iniciado 
[22:42:15,37] Processo nao encontrado. Iniciando... 
[22:42:15,37] Processo iniciado 
[22:42:15,42] Processo nao encontrado. Iniciando... 
[22:42:15,42] Processo iniciado 
[22:42:15,48] Processo nao encontrado. Iniciando... 
[22:42:15,48] Processo iniciado 
[22:42:15,53] Processo nao encontrado. Iniciando... 
[22:42:15,53] Processo iniciado 
[22:42:15,58] Processo nao encontrado. Iniciando... 
[22:42:15,58] Processo iniciado 
[22:42:15,63] Processo nao encontrado. Iniciando... 
[22:42:15,63] Processo iniciado 
[22:42:15,68] Processo nao encontrado. Iniciando... 
[22:42:15,68] Processo iniciado 
[22:42:15,73] Processo nao encontrado. Iniciando... 
[22:42:15,73] Processo iniciado 
[22:42:15,79] Processo nao encontrado. Iniciando... 
[22:42:15,79] Processo iniciado 
[22:42:15,84] Processo nao encontrado. Iniciando... 
[22:42:15,84] Processo iniciado 
[22:42:15,89] Processo nao encontrado. Iniciando... 
[22:42:15,89] Processo iniciado 
[22:42:15,95] Processo nao encontrado. Iniciando... 
[22:42:15,96] Processo iniciado 
[22:42:16,01] Processo nao encontrado. Iniciando... 
[22:42:16,01] Processo iniciado 
[22:42:16,06] Processo nao encontrado. Iniciando... 
[22:42:16,06] Processo iniciado 
[22:42:16,11] Processo nao encontrado. Iniciando... 
[22:42:16,11] Processo iniciado 
[22:42:16,16] Processo nao encontrado. Iniciando... 
[22:42:16,16] Processo iniciado 
[22:42:16,23] Processo nao encontrado. Iniciando... 
[22:42:16,23] Processo iniciado 
[22:42:16,29] Processo nao encontrado. Iniciando... 
[22:42:16,29] Processo iniciado 
[22:42:16,34] Processo nao encontrado. Iniciando... 
[22:42:16,34] Processo iniciado 
[22:42:16,39] Processo nao encontrado. Iniciando... 
[22:42:16,39] Processo iniciado 
[22:42:16,44] Processo nao encontrado. Iniciando... 
[22:42:16,44] Processo iniciado 
[22:42:16,49] Processo nao encontrado. Iniciando... 
[22:42:16,49] Processo iniciado 
[22:42:16,54] Processo nao encontrado. Iniciando... 
[22:42:16,54] Processo iniciado 
[22:42:16,59] Processo nao encontrado. Iniciando... 
[22:42:16,59] Processo iniciado 
[22:42:16,64] Processo nao encontrado. Iniciando... 
[22:42:16,64] Processo iniciado 
[22:42:16,69] Processo nao encontrado. Iniciando... 
[22:42:16,69] Processo iniciado 
[22:42:16,75] Processo nao encontrado. Iniciando... 
[22:42:16,75] Processo iniciado 
[22:42:16,80] Processo nao encontrado. Iniciando... 
[22:42:16,80] Processo iniciado 
[22:42:16,85] Processo nao encontrado. Iniciando... 
[22:42:16,85] Processo iniciado 
[22:42:16,91] Processo nao encontrado. Iniciando... 
[22:42:16,91] Processo iniciado 
[22:42:16,96] Processo nao encontrado. Iniciando... 
[22:42:16,96] Processo iniciado 
[22:42:17,01] Processo nao encontrado. Iniciando... 
[22:42:17,01] Processo iniciado 
[22:42:17,06] Processo nao encontrado. Iniciando... 
[22:42:17,06] Processo iniciado 
[22:42:17,11] Processo nao encontrado. Iniciando... 
[22:42:17,11] Processo iniciado 
[22:42:17,17] Processo nao encontrado. Iniciando... 
[22:42:17,17] Processo iniciado 
[22:42:17,24] Processo nao encontrado. Iniciando... 
[22:42:17,24] Processo iniciado 
[22:42:17,29] Processo nao encontrado. Iniciando... 
[22:42:17,29] Processo iniciado 
[22:42:17,35] Processo nao encontrado. Iniciando... 
[22:42:17,35] Processo iniciado 
[22:42:17,40] Processo nao encontrado. Iniciando... 
[22:42:17,40] Processo iniciado 
[22:42:17,46] Processo nao encontrado. Iniciando... 
[22:42:17,46] Processo iniciado 
[22:42:17,51] Processo nao encontrado. Iniciando... 
[22:42:17,51] Processo iniciado 
[22:42:17,56] Processo nao encontrado. Iniciando... 
[22:42:17,56] Processo iniciado 
[22:42:17,61] Processo nao encontrado. Iniciando... 
[22:42:17,61] Processo iniciado 
[22:42:17,67] Processo nao encontrado. Iniciando... 
[22:42:17,67] Processo iniciado 
[22:42:17,73] Processo nao encontrado. Iniciando... 
[22:42:17,73] Processo iniciado 
[22:42:17,94] Processo nao encontrado. Iniciando... 
[22:42:17,94] Processo iniciado 
[22:42:18,31] Processo nao encontrado. Iniciando... 
[22:42:18,31] Processo iniciado 
[22:42:18,68] Processo nao encontrado. Iniciando... 
[22:42:18,69] Processo iniciado 
[22:42:18,82] Processo nao encontrado. Iniciando... 
[22:42:18,82] Processo iniciado 
[22:42:18,89] Processo nao encontrado. Iniciando... 
[22:42:18,89] Processo iniciado 
[22:42:18,96] Processo nao encontrado. Iniciando... 
[22:42:18,96] Processo iniciado 
========================================
Inicio: 12/12/2025  7:57:42,61 
Processo: Dtc_Atualizador_Server.exe 
Caminho: C:\Program Files\Datacom\DtcSync\Dtc_Atualizador_Server.exe 
========================================
[12/12/2025  7:57:42,66] Monitoramento iniciado 
[14:28:29,59] Processo nao encontrado. Iniciando... 
[14:28:29,59] Processo iniciado 
[14:28:32,00] Processo nao encontrado. Iniciando... 
[14:28:32,00] Processo iniciado 
[14:28:32,08] Processo nao encontrado. Iniciando... 
[14:28:32,08] Processo iniciado 
[14:28:32,15] Processo nao encontrado. Iniciando... 
[14:28:32,15] Processo iniciado 
[14:28:32,23] Processo nao encontrado. Iniciando... 
[14:28:32,23] Processo iniciado 
[14:28:32,31] Processo nao encontrado. Iniciando... 
[14:28:32,31] Processo iniciado 
[14:28:32,46] Processo nao encontrado. Iniciando... 
[14:28:32,46] Processo iniciado 
[14:28:32,59] Processo nao encontrado. Iniciando... 
[14:28:32,59] Processo iniciado 
[14:28:32,68] Processo nao encontrado. Iniciando... 
[14:28:32,68] Processo iniciado 
[14:28:32,76] Processo nao encontrado. Iniciando... 
[14:28:32,76] Processo iniciado 
[14:28:32,83] Processo nao encontrado. Iniciando... 
[14:28:32,83] Processo iniciado 
[14:28:32,89] Processo nao encontrado. Iniciando... 
[14:28:32,89] Processo iniciado 
[14:28:32,96] Processo nao encontrado. Iniciando... 
[14:28:32,96] Processo iniciado 
[14:28:33,02] Processo nao encontrado. Iniciando... 
[14:28:33,02] Processo iniciado 
[14:28:33,08] Processo nao encontrado. Iniciando... 
[14:28:33,08] Processo iniciado 
[14:28:33,14] Processo nao encontrado. Iniciando... 
[14:28:33,14] Processo iniciado 
[14:28:33,21] Processo nao encontrado. Iniciando... 
[14:28:33,21] Processo iniciado 
[14:28:33,27] Processo nao encontrado. Iniciando... 
[14:28:33,27] Processo iniciado 
[14:28:33,33] Processo nao encontrado. Iniciando... 
[14:28:33,33] Processo iniciado 
[14:28:33,40] Processo nao encontrado. Iniciando... 
[14:28:33,40] Processo iniciado 
[14:28:33,46] Processo nao encontrado. Iniciando... 
[14:28:33,46] Processo iniciado 
[14:28:33,52] Processo nao encontrado. Iniciando... 
[14:28:33,52] Processo iniciado 
[14:28:33,58] Processo nao encontrado. Iniciando... 
[14:28:33,58] Processo iniciado 
[14:28:33,64] Processo nao encontrado. Iniciando... 
[14:28:33,64] Processo iniciado 
[14:28:33,70] Processo nao encontrado. Iniciando... 
[14:28:33,70] Processo iniciado 
[14:28:33,76] Processo nao encontrado. Iniciando... 
[14:28:33,76] Processo iniciado 
[14:28:33,82] Processo nao encontrado. Iniciando... 
[14:28:33,82] Processo iniciado 
[14:28:33,89] Processo nao encontrado. Iniciando... 
[14:28:33,89] Processo iniciado 
[14:28:33,95] Processo nao encontrado. Iniciando... 
[14:28:33,95] Processo iniciado 
[14:28:34,01] Processo nao encontrado. Iniciando... 
[14:28:34,01] Processo iniciado 
[14:28:34,08] Processo nao encontrado. Iniciando... 
[14:28:34,08] Processo iniciado 
[14:28:34,13] Processo nao encontrado. Iniciando... 
[14:28:34,13] Processo iniciado 
[14:28:34,19] Processo nao encontrado. Iniciando... 
[14:28:34,19] Processo iniciado 
[14:28:34,28] Processo nao encontrado. Iniciando... 
[14:28:34,28] Processo iniciado 
[14:28:34,38] Processo nao encontrado. Iniciando... 
[14:28:34,38] Processo iniciado 
[14:28:34,55] Processo nao encontrado. Iniciando... 
[14:28:34,55] Processo iniciado 
[14:28:34,64] Processo nao encontrado. Iniciando... 
[14:28:34,64] Processo iniciado 
[14:28:34,74] Processo nao encontrado. Iniciando... 
[14:28:34,74] Processo iniciado 
[14:28:34,81] Processo nao encontrado. Iniciando... 
[14:28:34,81] Processo iniciado 
[14:28:34,87] Processo nao encontrado. Iniciando... 
[14:28:34,87] Processo iniciado 
[14:28:34,93] Processo nao encontrado. Iniciando... 
[14:28:34,93] Processo iniciado 
========================================
Inicio: 15/12/2025 14:32:24,19 
Processo: Dtc_Atualizador_Server.exe 
Caminho: C:\Program Files\Datacom\DtcSync\Dtc_Atualizador_Server.exe 
========================================
[15/12/2025 14:32:24,25] Monitoramento iniciado 
[15:42:07,31] Processo nao encontrado. Iniciando... 
[15:42:07,31] Processo iniciado 
[15:42:08,35] Processo nao encontrado. Iniciando... 
[15:42:08,35] Processo iniciado 
[15:42:08,44] Processo nao encontrado. Iniciando... 
[15:42:08,44] Processo iniciado 
[15:42:08,53] Processo nao encontrado. Iniciando... 
[15:42:08,53] Processo iniciado 
[15:42:08,70] Processo nao encontrado. Iniciando... 
[15:42:08,70] Processo iniciado 
[15:42:08,83] Processo nao encontrado. Iniciando... 
[15:42:08,83] Processo iniciado 
[15:42:08,96] Processo nao encontrado. Iniciando... 
[15:42:08,96] Processo iniciado 
[15:42:09,11] Processo nao encontrado. Iniciando... 
[15:42:09,11] Processo iniciado 
[15:42:09,20] Processo nao encontrado. Iniciando... 
[15:42:09,20] Processo iniciado 
[15:42:09,32] Processo nao encontrado. Iniciando... 
[15:42:09,32] Processo iniciado 
[15:42:09,41] Processo nao encontrado. Iniciando... 
[15:42:09,41] Processo iniciado 
[15:42:09,49] Processo nao encontrado. Iniciando... 
[15:42:09,49] Processo iniciado 
[15:42:09,57] Processo nao encontrado. Iniciando... 
[15:42:09,57] Processo iniciado 
[15:42:09,65] Processo nao encontrado. Iniciando... 
[15:42:09,65] Processo iniciado 
[15:42:09,76] Processo nao encontrado. Iniciando... 
[15:42:09,76] Processo iniciado 
[15:42:09,84] Processo nao encontrado. Iniciando... 
[15:42:09,84] Processo iniciado 
[15:42:09,92] Processo nao encontrado. Iniciando... 
[15:42:09,92] Processo iniciado 
[15:42:10,00] Processo nao encontrado. Iniciando... 
[15:42:10,00] Processo iniciado 
[15:42:10,07] Processo nao encontrado. Iniciando... 
[15:42:10,07] Processo iniciado 
[15:42:10,15] Processo nao encontrado. Iniciando... 
[15:42:10,15] Processo iniciado 
[15:42:10,22] Processo nao encontrado. Iniciando... 
[15:42:10,22] Processo iniciado 
[15:42:10,31] Processo nao encontrado. Iniciando... 
[15:42:10,31] Processo iniciado 
[15:42:10,38] Processo nao encontrado. Iniciando... 
[15:42:10,38] Processo iniciado 
[15:42:10,46] Processo nao encontrado. Iniciando... 
[15:42:10,46] Processo iniciado 
[15:42:10,53] Processo nao encontrado. Iniciando... 
[15:42:10,53] Processo iniciado 
[15:42:10,60] Processo nao encontrado. Iniciando... 
[15:42:10,60] Processo iniciado 
[15:42:10,67] Processo nao encontrado. Iniciando... 
[15:42:10,67] Processo iniciado 
[15:42:10,74] Processo nao encontrado. Iniciando... 
[15:42:10,74] Processo iniciado 
[15:42:10,80] Processo nao encontrado. Iniciando... 
[15:42:10,80] Processo iniciado 
[15:42:10,87] Processo nao encontrado. Iniciando... 
[15:42:10,87] Processo iniciado 
[15:42:10,93] Processo nao encontrado. Iniciando... 
[15:42:10,93] Processo iniciado 
[15:42:10,99] Processo nao encontrado. Iniciando... 
[15:42:10,99] Processo iniciado 
[15:42:11,06] Processo nao encontrado. Iniciando... 
[15:42:11,06] Processo iniciado 
[15:42:11,12] Processo nao encontrado. Iniciando... 
[15:42:11,12] Processo iniciado 
[15:42:11,18] Processo nao encontrado. Iniciando... 
[15:42:11,18] Processo iniciado 
[15:42:11,26] Processo nao encontrado. Iniciando... 
[15:42:11,26] Processo iniciado 
[15:42:11,32] Processo nao encontrado. Iniciando... 
[15:42:11,32] Processo iniciado 
[15:42:11,37] Processo nao encontrado. Iniciando... 
[15:42:11,37] Processo iniciado 
[15:42:11,43] Processo nao encontrado. Iniciando... 
[15:42:11,43] Processo iniciado 
[15:42:11,49] Processo nao encontrado. Iniciando... 
[15:42:11,49] Processo iniciado 
[15:42:11,55] Processo nao encontrado. Iniciando... 
[15:42:11,55] Processo iniciado 
[15:42:11,61] Processo nao encontrado. Iniciando... 
[15:42:11,61] Processo iniciado 
[15:42:11,67] Processo nao encontrado. Iniciando... 
[15:42:11,67] Processo iniciado 
[15:42:11,73] Processo nao encontrado. Iniciando... 
[15:42:11,73] Processo iniciado 
[15:42:11,79] Processo nao encontrado. Iniciando... 
[15:42:11,79] Processo iniciado 
[15:42:11,85] Processo nao encontrado. Iniciando... 
[15:42:11,85] Processo iniciado 
[15:42:11,90] Processo nao encontrado. Iniciando... 
[15:42:11,90] Processo iniciado 
[15:42:11,96] Processo nao encontrado. Iniciando... 
[15:42:11,96] Processo iniciado 
[15:42:12,02] Processo nao encontrado. Iniciando... 
[15:42:12,02] Processo iniciado 
[15:42:12,08] Processo nao encontrado. Iniciando... 
[15:42:12,08] Processo iniciado 
[15:42:12,14] Processo nao encontrado. Iniciando... 
[15:42:12,14] Processo iniciado 
[15:42:12,20] Processo nao encontrado. Iniciando... 
[15:42:12,20] Processo iniciado 
[15:42:12,25] Processo nao encontrado. Iniciando... 
[15:42:12,25] Processo iniciado 
[15:42:12,31] Processo nao encontrado. Iniciando... 
[15:42:12,31] Processo iniciado 
[15:42:12,37] Processo nao encontrado. Iniciando... 
[15:42:12,37] Processo iniciado 
[15:42:12,43] Processo nao encontrado. Iniciando... 
[15:42:12,43] Processo iniciado 
[15:42:12,49] Processo nao encontrado. Iniciando... 
[15:42:12,49] Processo iniciado 
[15:42:12,55] Processo nao encontrado. Iniciando... 
[15:42:12,55] Processo iniciado 
[15:42:12,61] Processo nao encontrado. Iniciando... 
[15:42:12,61] Processo iniciado 
[15:42:12,67] Processo nao encontrado. Iniciando... 
[15:42:12,67] Processo iniciado 
[15:42:12,73] Processo nao encontrado. Iniciando... 
[15:42:12,73] Processo iniciado 
[15:42:12,79] Processo nao encontrado. Iniciando... 
[15:42:12,79] Processo iniciado 
[15:42:12,84] Processo nao encontrado. Iniciando... 
[15:42:12,84] Processo iniciado 
[15:42:12,90] Processo nao encontrado. Iniciando... 
[15:42:12,90] Processo iniciado 
[15:42:12,96] Processo nao encontrado. Iniciando... 
[15:42:12,96] Processo iniciado 
[15:42:13,02] Processo nao encontrado. Iniciando... 
[15:42:13,02] Processo iniciado 
[15:42:13,08] Processo nao encontrado. Iniciando... 
[15:42:13,08] Processo iniciado 
[15:42:13,13] Processo nao encontrado. Iniciando... 
[15:42:13,13] Processo iniciado 
[15:42:13,19] Processo nao encontrado. Iniciando... 
[15:42:13,19] Processo iniciado 
[15:42:13,25] Processo nao encontrado. Iniciando... 
[15:42:13,25] Processo iniciado 
[15:42:13,30] Processo nao encontrado. Iniciando... 
[15:42:13,30] Processo iniciado 
[15:42:13,36] Processo nao encontrado. Iniciando... 
[15:42:13,36] Processo iniciado 
[15:42:13,42] Processo nao encontrado. Iniciando... 
[15:42:13,42] Processo iniciado 
[15:42:13,48] Processo nao encontrado. Iniciando... 
[15:42:13,48] Processo iniciado 
[15:42:13,54] Processo nao encontrado. Iniciando... 
[15:42:13,54] Processo iniciado 
[15:42:13,60] Processo nao encontrado. Iniciando... 
[15:42:13,60] Processo iniciado 
[15:42:13,66] Processo nao encontrado. Iniciando... 
[15:42:13,66] Processo iniciado 
[15:42:13,72] Processo nao encontrado. Iniciando... 
[15:42:13,72] Processo iniciado 
[15:42:13,78] Processo nao encontrado. Iniciando... 
[15:42:13,78] Processo iniciado 
[15:42:13,84] Processo nao encontrado. Iniciando... 
[15:42:13,84] Processo iniciado 
[15:42:13,90] Processo nao encontrado. Iniciando... 
[15:42:13,90] Processo iniciado 
[15:42:13,96] Processo nao encontrado. Iniciando... 
[15:42:13,96] Processo iniciado 
[15:42:14,03] Processo nao encontrado. Iniciando... 
[15:42:14,03] Processo iniciado 
[15:42:14,09] Processo nao encontrado. Iniciando... 
[15:42:14,09] Processo iniciado 
[15:42:14,27] Processo nao encontrado. Iniciando... 
[15:42:14,27] Processo iniciado 
[15:42:14,40] Processo nao encontrado. Iniciando... 
[15:42:14,40] Processo iniciado 
[15:42:14,50] Processo nao encontrado. Iniciando... 
[15:42:14,50] Processo iniciado 
[15:42:14,56] Processo nao encontrado. Iniciando... 
[15:42:14,56] Processo iniciado 
[15:42:14,64] Processo nao encontrado. Iniciando... 
[15:42:14,64] Processo iniciado 
[15:42:14,70] Processo nao encontrado. Iniciando... 
[15:42:14,70] Processo iniciado 
========================================
Inicio: 17/12/2025 15:45:38,05 
Processo: Dtc_Atualizador_Server.exe 
Caminho: C:\Program Files\Datacom\DtcSync\Dtc_Atualizador_Server.exe 
========================================
[17/12/2025 15:45:38,11] Monitoramento iniciado 
